<?xml version="1.0" encoding="UTF-8"?>
<!-- Generated by org.testng.reporters.JUnitXMLReporter -->
<testsuite ignored="2" hostname="Admin-PC" failures="0" tests="5" name="Test" time="57.246" errors="0" timestamp="2021-07-04T13:20:36 IST">
  <testcase classname="com.crm.qa.testcases.HomePageTest" name="VerifyHomePageTitleTest" time="0.019"/>
  <testcase classname="com.crm.qa.testcases.HomePageTest" name="hmaberugButtonClickTest" time="0.167"/>
  <testcase classname="com.crm.qa.testcases.LoginPageTest" name="validateLoginPageTitleTest" time="0.009"/>
  <testcase classname="com.crm.qa.testcases.LoginPageTest" name="ValidateLogoTest" time="0.07"/>
  <testcase classname="com.crm.qa.testcases.LoginPageTest" name="loginTest" time="9.247"/>
  <testcase classname="com.crm.qa.testcases.HomePageTest" name="contactIconClickTest" time="0.0">
    <ignored/>
  </testcase> <!-- contactIconClickTest -->
  <testcase classname="com.crm.qa.testcases.HomePageTest" name="customerLinkClickTest" time="0.0">
    <ignored/>
  </testcase> <!-- customerLinkClickTest -->
</testsuite> <!-- Test -->
