<?xml version="1.0" encoding="UTF-8"?>
<testng-results ignored="0" total="7" passed="6" failed="1" skipped="0">
  <reporter-output>
  </reporter-output>
  <suite started-at="2021-06-29T10:54:21 IST" name="CRM Automation Test Suite" finished-at="2021-06-29T10:56:15 IST" duration-ms="114324">
    <groups>
    </groups>
    <test started-at="2021-06-29T10:54:21 IST" name="Regression Test Classes" finished-at="2021-06-29T10:56:15 IST" duration-ms="114324">
      <class name="com.crm.qa.testcases.HomePageTest">
        <test-method is-config="true" signature="setUp()[pri:0, instance:com.crm.qa.testcases.HomePageTest@5a45133e]" started-at="2021-06-29T10:54:57 IST" name="setUp" finished-at="2021-06-29T10:55:13 IST" duration-ms="15425" status="PASS">
          <reporter-output>
          </reporter-output>
        </test-method> <!-- setUp -->
        <test-method signature="VerifyHomePageTitleTest()[pri:1, instance:com.crm.qa.testcases.HomePageTest@5a45133e]" started-at="2021-06-29T10:55:13 IST" name="VerifyHomePageTitleTest" finished-at="2021-06-29T10:55:13 IST" duration-ms="8" status="PASS">
          <reporter-output>
          </reporter-output>
        </test-method> <!-- VerifyHomePageTitleTest -->
        <test-method is-config="true" signature="tearDown()[pri:0, instance:com.crm.qa.testcases.HomePageTest@5a45133e]" started-at="2021-06-29T10:55:13 IST" name="tearDown" finished-at="2021-06-29T10:55:13 IST" duration-ms="631" status="PASS">
          <reporter-output>
          </reporter-output>
        </test-method> <!-- tearDown -->
        <test-method is-config="true" signature="setUp()[pri:0, instance:com.crm.qa.testcases.HomePageTest@5a45133e]" started-at="2021-06-29T10:55:13 IST" name="setUp" finished-at="2021-06-29T10:55:29 IST" duration-ms="15641" status="PASS">
          <reporter-output>
          </reporter-output>
        </test-method> <!-- setUp -->
        <test-method signature="hmaberugButtonClickTest()[pri:2, instance:com.crm.qa.testcases.HomePageTest@5a45133e]" started-at="2021-06-29T10:55:29 IST" name="hmaberugButtonClickTest" finished-at="2021-06-29T10:55:29 IST" duration-ms="168" status="PASS">
          <reporter-output>
          </reporter-output>
        </test-method> <!-- hmaberugButtonClickTest -->
        <test-method is-config="true" signature="tearDown()[pri:0, instance:com.crm.qa.testcases.HomePageTest@5a45133e]" started-at="2021-06-29T10:55:29 IST" name="tearDown" finished-at="2021-06-29T10:55:30 IST" duration-ms="693" status="PASS">
          <reporter-output>
          </reporter-output>
        </test-method> <!-- tearDown -->
        <test-method is-config="true" signature="setUp()[pri:0, instance:com.crm.qa.testcases.HomePageTest@5a45133e]" started-at="2021-06-29T10:55:30 IST" name="setUp" finished-at="2021-06-29T10:55:44 IST" duration-ms="13754" status="PASS">
          <reporter-output>
          </reporter-output>
        </test-method> <!-- setUp -->
        <test-method signature="contactIconClickTest()[pri:3, instance:com.crm.qa.testcases.HomePageTest@5a45133e]" started-at="2021-06-29T10:55:44 IST" name="contactIconClickTest" finished-at="2021-06-29T10:55:49 IST" duration-ms="5165" status="PASS">
          <reporter-output>
          </reporter-output>
        </test-method> <!-- contactIconClickTest -->
        <test-method is-config="true" signature="tearDown()[pri:0, instance:com.crm.qa.testcases.HomePageTest@5a45133e]" started-at="2021-06-29T10:55:49 IST" name="tearDown" finished-at="2021-06-29T10:55:49 IST" duration-ms="693" status="PASS">
          <reporter-output>
          </reporter-output>
        </test-method> <!-- tearDown -->
        <test-method is-config="true" signature="setUp()[pri:0, instance:com.crm.qa.testcases.HomePageTest@5a45133e]" started-at="2021-06-29T10:55:49 IST" name="setUp" finished-at="2021-06-29T10:56:05 IST" duration-ms="15255" status="PASS">
          <reporter-output>
          </reporter-output>
        </test-method> <!-- setUp -->
        <test-method signature="customerLinkClickTest()[pri:4, instance:com.crm.qa.testcases.HomePageTest@5a45133e]" started-at="2021-06-29T10:56:05 IST" name="customerLinkClickTest" finished-at="2021-06-29T10:56:15 IST" duration-ms="10092" status="FAIL">
          <exception class="org.openqa.selenium.ElementNotInteractableException">
            <message>
              <![CDATA[element not interactable
  (Session info: chrome=91.0.4472.114)
Build info: version: '4.0.0-beta-4', revision: '29f46d02dd'
System info: host: 'ADMIN-PC', ip: '192.168.43.90', os.name: 'Windows 7', os.arch: 'amd64', os.version: '6.1', java.version: '15.0.2'
Driver info: org.openqa.selenium.chrome.ChromeDriver
Command: [80a1dc46b28934e3da2da9886376cd7b, clickElement {id=2e9a8c54-4136-478b-9070-c05adc3eff69}]
Capabilities {acceptInsecureCerts: false, browserName: chrome, browserVersion: 91.0.4472.114, chrome: {chromedriverVersion: 91.0.4472.101 (af52a90bf870..., userDataDir: C:\Users\Admin\AppData\Loca...}, goog:chromeOptions: {debuggerAddress: localhost:54489}, javascriptEnabled: true, networkConnectionEnabled: false, pageLoadStrategy: normal, platform: WINDOWS, platformName: WINDOWS, proxy: Proxy(), se:cdp: ws://localhost:54489/devtoo..., se:cdpVersion: 91.0.4472.114, setWindowRect: true, strictFileInteractability: false, timeouts: {implicit: 0, pageLoad: 300000, script: 30000}, unhandledPromptBehavior: dismiss and notify, webauthn:extension:largeBlob: true, webauthn:virtualAuthenticators: true}
Element: [[ChromeDriver: chrome on WINDOWS (80a1dc46b28934e3da2da9886376cd7b)] -> xpath: //a[@href='/Admin/Customer/List']]
Session ID: 80a1dc46b28934e3da2da9886376cd7b]]>
            </message>
            <full-stacktrace>
              <![CDATA[org.openqa.selenium.ElementNotInteractableException: element not interactable
  (Session info: chrome=91.0.4472.114)
Build info: version: '4.0.0-beta-4', revision: '29f46d02dd'
System info: host: 'ADMIN-PC', ip: '192.168.43.90', os.name: 'Windows 7', os.arch: 'amd64', os.version: '6.1', java.version: '15.0.2'
Driver info: org.openqa.selenium.chrome.ChromeDriver
Command: [80a1dc46b28934e3da2da9886376cd7b, clickElement {id=2e9a8c54-4136-478b-9070-c05adc3eff69}]
Capabilities {acceptInsecureCerts: false, browserName: chrome, browserVersion: 91.0.4472.114, chrome: {chromedriverVersion: 91.0.4472.101 (af52a90bf870..., userDataDir: C:\Users\Admin\AppData\Loca...}, goog:chromeOptions: {debuggerAddress: localhost:54489}, javascriptEnabled: true, networkConnectionEnabled: false, pageLoadStrategy: normal, platform: WINDOWS, platformName: WINDOWS, proxy: Proxy(), se:cdp: ws://localhost:54489/devtoo..., se:cdpVersion: 91.0.4472.114, setWindowRect: true, strictFileInteractability: false, timeouts: {implicit: 0, pageLoad: 300000, script: 30000}, unhandledPromptBehavior: dismiss and notify, webauthn:extension:largeBlob: true, webauthn:virtualAuthenticators: true}
Element: [[ChromeDriver: chrome on WINDOWS (80a1dc46b28934e3da2da9886376cd7b)] -> xpath: //a[@href='/Admin/Customer/List']]
Session ID: 80a1dc46b28934e3da2da9886376cd7b
at java.base/jdk.internal.reflect.NativeConstructorAccessorImpl.newInstance0(Native Method)
at java.base/jdk.internal.reflect.NativeConstructorAccessorImpl.newInstance(NativeConstructorAccessorImpl.java:64)
at java.base/jdk.internal.reflect.DelegatingConstructorAccessorImpl.newInstance(DelegatingConstructorAccessorImpl.java:45)
at java.base/java.lang.reflect.Constructor.newInstanceWithCaller(Constructor.java:500)
at java.base/java.lang.reflect.Constructor.newInstance(Constructor.java:481)
at org.openqa.selenium.remote.codec.w3c.W3CHttpResponseCodec.createException(W3CHttpResponseCodec.java:200)
at org.openqa.selenium.remote.codec.w3c.W3CHttpResponseCodec.decode(W3CHttpResponseCodec.java:133)
at org.openqa.selenium.remote.codec.w3c.W3CHttpResponseCodec.decode(W3CHttpResponseCodec.java:53)
at org.openqa.selenium.remote.HttpCommandExecutor.execute(HttpCommandExecutor.java:184)
at org.openqa.selenium.remote.service.DriverCommandExecutor.invokeExecute(DriverCommandExecutor.java:162)
at org.openqa.selenium.remote.service.DriverCommandExecutor.execute(DriverCommandExecutor.java:137)
at org.openqa.selenium.remote.RemoteWebDriver.execute(RemoteWebDriver.java:612)
at org.openqa.selenium.remote.RemoteWebElement.execute(RemoteWebElement.java:235)
at org.openqa.selenium.remote.RemoteWebElement.click(RemoteWebElement.java:73)
at java.base/jdk.internal.reflect.NativeMethodAccessorImpl.invoke0(Native Method)
at java.base/jdk.internal.reflect.NativeMethodAccessorImpl.invoke(NativeMethodAccessorImpl.java:64)
at java.base/jdk.internal.reflect.DelegatingMethodAccessorImpl.invoke(DelegatingMethodAccessorImpl.java:43)
at java.base/java.lang.reflect.Method.invoke(Method.java:564)
at org.openqa.selenium.support.pagefactory.internal.LocatingElementHandler.invoke(LocatingElementHandler.java:52)
at com.sun.proxy.$Proxy16.click(Unknown Source)
at com.crm.qa.pages.HomePage.customersLinkClick(HomePage.java:59)
at com.crm.qa.testcases.HomePageTest.customerLinkClickTest(HomePageTest.java:61)
at java.base/jdk.internal.reflect.NativeMethodAccessorImpl.invoke0(Native Method)
at java.base/jdk.internal.reflect.NativeMethodAccessorImpl.invoke(NativeMethodAccessorImpl.java:64)
at java.base/jdk.internal.reflect.DelegatingMethodAccessorImpl.invoke(DelegatingMethodAccessorImpl.java:43)
at java.base/java.lang.reflect.Method.invoke(Method.java:564)
at org.testng.internal.MethodInvocationHelper.invokeMethod(MethodInvocationHelper.java:133)
at org.testng.internal.TestInvoker.invokeMethod(TestInvoker.java:598)
at org.testng.internal.TestInvoker.invokeTestMethod(TestInvoker.java:173)
at org.testng.internal.MethodRunner.runInSequence(MethodRunner.java:46)
at org.testng.internal.TestInvoker$MethodInvocationAgent.invoke(TestInvoker.java:824)
at org.testng.internal.TestInvoker.invokeTestMethods(TestInvoker.java:146)
at org.testng.internal.TestMethodWorker.invokeTestMethods(TestMethodWorker.java:146)
at org.testng.internal.TestMethodWorker.run(TestMethodWorker.java:128)
at java.base/java.util.ArrayList.forEach(ArrayList.java:1511)
at org.testng.TestRunner.privateRun(TestRunner.java:794)
at org.testng.TestRunner.run(TestRunner.java:596)
at org.testng.SuiteRunner.runTest(SuiteRunner.java:377)
at org.testng.SuiteRunner.runSequentially(SuiteRunner.java:371)
at org.testng.SuiteRunner.privateRun(SuiteRunner.java:332)
at org.testng.SuiteRunner.run(SuiteRunner.java:276)
at org.testng.SuiteRunnerWorker.runSuite(SuiteRunnerWorker.java:53)
at org.testng.SuiteRunnerWorker.run(SuiteRunnerWorker.java:96)
at org.testng.TestNG.runSuitesSequentially(TestNG.java:1212)
at org.testng.TestNG.runSuitesLocally(TestNG.java:1134)
at org.testng.TestNG.runSuites(TestNG.java:1063)
at org.testng.TestNG.run(TestNG.java:1031)
at org.testng.remote.AbstractRemoteTestNG.run(AbstractRemoteTestNG.java:115)
at org.testng.remote.RemoteTestNG.initAndRun(RemoteTestNG.java:251)
at org.testng.remote.RemoteTestNG.main(RemoteTestNG.java:77)
]]>
            </full-stacktrace>
          </exception> <!-- org.openqa.selenium.ElementNotInteractableException -->
          <reporter-output>
          </reporter-output>
        </test-method> <!-- customerLinkClickTest -->
        <test-method is-config="true" signature="tearDown()[pri:0, instance:com.crm.qa.testcases.HomePageTest@5a45133e]" started-at="2021-06-29T10:56:15 IST" name="tearDown" finished-at="2021-06-29T10:56:15 IST" duration-ms="621" status="PASS">
          <reporter-output>
          </reporter-output>
        </test-method> <!-- tearDown -->
      </class> <!-- com.crm.qa.testcases.HomePageTest -->
      <class name="com.crm.qa.testcases.LoginPageTest">
        <test-method is-config="true" signature="setUp()[pri:0, instance:com.crm.qa.testcases.LoginPageTest@194bcebf]" started-at="2021-06-29T10:54:21 IST" name="setUp" finished-at="2021-06-29T10:54:27 IST" duration-ms="5492" status="PASS">
          <reporter-output>
          </reporter-output>
        </test-method> <!-- setUp -->
        <test-method signature="validateLoginPageTitleTest()[pri:1, instance:com.crm.qa.testcases.LoginPageTest@194bcebf]" started-at="2021-06-29T10:54:27 IST" name="validateLoginPageTitleTest" finished-at="2021-06-29T10:54:27 IST" duration-ms="27" status="PASS">
          <reporter-output>
          </reporter-output>
        </test-method> <!-- validateLoginPageTitleTest -->
        <test-method is-config="true" signature="tearDown()[pri:0, instance:com.crm.qa.testcases.LoginPageTest@194bcebf]" started-at="2021-06-29T10:54:27 IST" name="tearDown" finished-at="2021-06-29T10:54:27 IST" duration-ms="652" status="PASS">
          <reporter-output>
          </reporter-output>
        </test-method> <!-- tearDown -->
        <test-method is-config="true" signature="setUp()[pri:0, instance:com.crm.qa.testcases.LoginPageTest@194bcebf]" started-at="2021-06-29T10:54:27 IST" name="setUp" finished-at="2021-06-29T10:54:35 IST" duration-ms="7470" status="PASS">
          <reporter-output>
          </reporter-output>
        </test-method> <!-- setUp -->
        <test-method signature="ValidateLogoTest()[pri:2, instance:com.crm.qa.testcases.LoginPageTest@194bcebf]" started-at="2021-06-29T10:54:35 IST" name="ValidateLogoTest" finished-at="2021-06-29T10:54:35 IST" duration-ms="96" status="PASS">
          <reporter-output>
          </reporter-output>
        </test-method> <!-- ValidateLogoTest -->
        <test-method is-config="true" signature="tearDown()[pri:0, instance:com.crm.qa.testcases.LoginPageTest@194bcebf]" started-at="2021-06-29T10:54:35 IST" name="tearDown" finished-at="2021-06-29T10:54:35 IST" duration-ms="607" status="PASS">
          <reporter-output>
          </reporter-output>
        </test-method> <!-- tearDown -->
        <test-method is-config="true" signature="setUp()[pri:0, instance:com.crm.qa.testcases.LoginPageTest@194bcebf]" started-at="2021-06-29T10:54:35 IST" name="setUp" finished-at="2021-06-29T10:54:43 IST" duration-ms="7577" status="PASS">
          <reporter-output>
          </reporter-output>
        </test-method> <!-- setUp -->
        <test-method signature="loginTest()[pri:3, instance:com.crm.qa.testcases.LoginPageTest@194bcebf]" started-at="2021-06-29T10:54:43 IST" name="loginTest" finished-at="2021-06-29T10:54:57 IST" duration-ms="13458" status="PASS">
          <reporter-output>
          </reporter-output>
        </test-method> <!-- loginTest -->
        <test-method is-config="true" signature="tearDown()[pri:0, instance:com.crm.qa.testcases.LoginPageTest@194bcebf]" started-at="2021-06-29T10:54:57 IST" name="tearDown" finished-at="2021-06-29T10:54:57 IST" duration-ms="681" status="PASS">
          <reporter-output>
          </reporter-output>
        </test-method> <!-- tearDown -->
      </class> <!-- com.crm.qa.testcases.LoginPageTest -->
    </test> <!-- Regression Test Classes -->
  </suite> <!-- CRM Automation Test Suite -->
</testng-results>
