<?xml version="1.0" encoding="UTF-8"?>
<!-- Generated by org.testng.reporters.JUnitXMLReporter -->
<testsuite ignored="2" hostname="Admin-PC" failures="0" tests="5" name="Test" time="71.9" errors="0" timestamp="2021-07-04T13:19:39 IST">
  <testcase classname="com.crm.qa.testcases.HomePageTest" name="VerifyHomePageTitleTest" time="0.063"/>
  <testcase classname="com.crm.qa.testcases.HomePageTest" name="hmaberugButtonClickTest" time="0.233"/>
  <testcase classname="com.crm.qa.testcases.LoginPageTest" name="validateLoginPageTitleTest" time="0.019"/>
  <testcase classname="com.crm.qa.testcases.LoginPageTest" name="ValidateLogoTest" time="0.08"/>
  <testcase classname="com.crm.qa.testcases.LoginPageTest" name="loginTest" time="13.98"/>
  <testcase classname="com.crm.qa.testcases.HomePageTest" name="contactIconClickTest" time="0.0">
    <ignored/>
  </testcase> <!-- contactIconClickTest -->
  <testcase classname="com.crm.qa.testcases.HomePageTest" name="customerLinkClickTest" time="0.0">
    <ignored/>
  </testcase> <!-- customerLinkClickTest -->
</testsuite> <!-- Test -->
